ERC report (2026-05-11T17:54:16+0200, Encoding UTF8)

***** Sheet /
[power_pin_not_driven]: Input Power pin not driven by any Output Power pins
    ; error
    @(1600 mils, 1700 mils): Symbol #PWR6 Pin  [Power input, Line]
[power_pin_not_driven]: Input Power pin not driven by any Output Power pins
    ; error
    @(2000 mils, 1700 mils): Symbol #PWR7 Pin  [Power input, Line]
[power_pin_not_driven]: Input Power pin not driven by any Output Power pins
    ; error
    @(2400 mils, 2100 mils): Symbol #PWR8 Pin  [Power input, Line]
[pin_not_driven]: Input pin not driven by any Output pins
    ; error
    @(1900 mils, 4400 mils): Symbol U1 Pin 19 [ADC6, Input, Line]
[pin_not_driven]: Input pin not driven by any Output pins
    ; error
    @(1900 mils, 4500 mils): Symbol U1 Pin 22 [ADC7, Input, Line]
[power_pin_not_driven]: Input Power pin not driven by any Output Power pins
    ; error
    @(5200 mils, 2050 mils): Symbol #PWR10 Pin  [Power input, Line]
[power_pin_not_driven]: Input Power pin not driven by any Output Power pins
    ; error
    @(4000 mils, 5100 mils): Symbol #PWR5 Pin  [Power input, Line]
[power_pin_not_driven]: Input Power pin not driven by any Output Power pins
    ; error
    @(4800 mils, 5100 mils): Symbol #PWR4 Pin  [Power input, Line]
[power_pin_not_driven]: Input Power pin not driven by any Output Power pins
    ; error
    @(7000 mils, 2050 mils): Symbol #PWR11 Pin  [Power input, Line]
[power_pin_not_driven]: Input Power pin not driven by any Output Power pins
    ; error
    @(2600 mils, 7100 mils): Symbol #PWR3 Pin  [Power input, Line]
[global_label_dangling]: Global label not connected anywhere else in the schematic
    ; warning
    @(1900 mils, 4400 mils): Global Label 'A6'
[global_label_dangling]: Global label not connected anywhere else in the schematic
    ; warning
    @(1900 mils, 4500 mils): Global Label 'A7'
[global_label_dangling]: Global label not connected anywhere else in the schematic
    ; warning
    @(3300 mils, 5650 mils): Global Label 'A4'
[global_label_dangling]: Global label not connected anywhere else in the schematic
    ; warning
    @(3300 mils, 5750 mils): Global Label 'A5'
[multiple_net_names]: Both DTR and RST are attached to the same items; DTR will be used in the netlist
    ; warning
    @(8100 mils, 2150 mils): Global Label 'DTR'
    @(7300 mils, 4550 mils): Global Label 'RST'

 ** ERC messages: 15  Errors 10  Warnings 5
